# JRE version: OpenJDK Runtime Environment Temurin-21.0.5+11 (21.0.5+11) (build 21.0.5+11-LTS)
# Java VM: OpenJDK 64-Bit Server VM Temurin-21.0.5+11 (21.0.5+11-LTS, mixed mode, emulated-client, sharing, tiered, compressed oops, compressed class ptrs, g1 gc, windows-amd64)
GC Precious Log:
 CardTable entry size: 512
 Card Set container configuration: InlinePtr #cards 4 size 8 Array Of Cards #cards 16 size 48 Howl #buckets 8 coarsen threshold 3686 Howl Bitmap #cards 512 size 80 coarsen threshold 460 Card regions per heap region 1 cards per card region 4096
 CPUs: 8 total, 8 available
 Memory: 16227M
 Large Page Support: Disabled
 NUMA Support: Disabled
 Compressed Oops: Enabled (Zero based)
 Heap Region Size: 2M
 Heap Min Capacity: 8M
 Heap Initial Capacity: 254M
 Heap Max Capacity: 4058M
 Pre-touch: Disabled
 Parallel Workers: 8
 Concurrent Workers: 2
 Concurrent Refinement Workers: 8
 Periodic GC: Disabled
Heap:
 garbage-first heap   total 108544K, used 40707K [0x0000000702600000, 0x0000000800000000)
  region size 2048K, 6 young (12288K), 2 survivors (4096K)
 Metaspace       used 58615K, committed 59136K, reserved 1114112K
  class space    used 8095K, committed 8320K, reserved 1048576K
GC Heap History (20 events):
Event: 1.536 GC heap before
{Heap before GC invocations=2 (full 0):
 garbage-first heap   total 260096K, used 58005K [0x0000000702600000, 0x0000000800000000)
  region size 2048K, 25 young (51200K), 2 survivors (4096K)
 Metaspace       used 20371K, committed 20672K, reserved 1114112K
  class space    used 2724K, committed 2880K, reserved 1048576K
}
Event: 1.541 GC heap after
{Heap after GC invocations=3 (full 0):
 garbage-first heap   total 260096K, used 16072K [0x0000000702600000, 0x0000000800000000)
  region size 2048K, 4 young (8192K), 4 survivors (8192K)
 Metaspace       used 20371K, committed 20672K, reserved 1114112K
  class space    used 2724K, committed 2880K, reserved 1048576K
}
Event: 1.791 GC heap before
{Heap before GC invocations=4 (full 0):
 garbage-first heap   total 61440K, used 44744K [0x0000000702600000, 0x0000000800000000)
  region size 2048K, 18 young (36864K), 4 survivors (8192K)
 Metaspace       used 24501K, committed 24896K, reserved 1114112K
  class space    used 3228K, committed 3392K, reserved 1048576K
}
Event: 1.799 GC heap after
{Heap after GC invocations=5 (full 0):
 garbage-first heap   total 61440K, used 18062K [0x0000000702600000, 0x0000000800000000)
  region size 2048K, 3 young (6144K), 3 survivors (6144K)
 Metaspace       used 24501K, committed 24896K, reserved 1114112K
  class space    used 3228K, committed 3392K, reserved 1048576K
}
Event: 2.019 GC heap before
{Heap before GC invocations=5 (full 0):
 garbage-first heap   total 61440K, used 42638K [0x0000000702600000, 0x0000000800000000)
  region size 2048K, 15 young (30720K), 3 survivors (6144K)
 Metaspace       used 24932K, committed 25280K, reserved 1114112K
  class space    used 3299K, committed 3456K, reserved 1048576K
}
Event: 2.026 GC heap after
{Heap after GC invocations=6 (full 0):
 garbage-first heap   total 61440K, used 19937K [0x0000000702600000, 0x0000000800000000)
  region size 2048K, 2 young (4096K), 2 survivors (4096K)
 Metaspace       used 24932K, committed 25280K, reserved 1114112K
  class space    used 3299K, committed 3456K, reserved 1048576K
}
Event: 2.394 GC heap before
{Heap before GC invocations=6 (full 0):
 garbage-first heap   total 61440K, used 46561K [0x0000000702600000, 0x0000000800000000)
  region size 2048K, 15 young (30720K), 2 survivors (4096K)
 Metaspace       used 27916K, committed 28288K, reserved 1114112K
  class space    used 3691K, committed 3840K, reserved 1048576K
}
Event: 2.401 GC heap after
{Heap after GC invocations=7 (full 0):
 garbage-first heap   total 61440K, used 21074K [0x0000000702600000, 0x0000000800000000)
  region size 2048K, 2 young (4096K), 2 survivors (4096K)
 Metaspace       used 27916K, committed 28288K, reserved 1114112K
  class space    used 3691K, committed 3840K, reserved 1048576K
}
Event: 2.913 GC heap before
{Heap before GC invocations=7 (full 0):
 garbage-first heap   total 61440K, used 47698K [0x0000000702600000, 0x0000000800000000)
  region size 2048K, 15 young (30720K), 2 survivors (4096K)
 Metaspace       used 31254K, committed 31616K, reserved 1114112K
  class space    used 4198K, committed 4352K, reserved 1048576K
}
Event: 2.922 GC heap after
{Heap after GC invocations=8 (full 0):
 garbage-first heap   total 161792K, used 23114K [0x0000000702600000, 0x0000000800000000)
  region size 2048K, 2 young (4096K), 2 survivors (4096K)
 Metaspace       used 31254K, committed 31616K, reserved 1114112K
  class space    used 4198K, committed 4352K, reserved 1048576K
}
Event: 3.249 GC heap before
{Heap before GC invocations=8 (full 0):
 garbage-first heap   total 161792K, used 45642K [0x0000000702600000, 0x0000000800000000)
  region size 2048K, 15 young (30720K), 2 survivors (4096K)
 Metaspace       used 34424K, committed 34816K, reserved 1114112K
  class space    used 4592K, committed 4800K, reserved 1048576K
}
Event: 3.256 GC heap after
{Heap after GC invocations=9 (full 0):
 garbage-first heap   total 161792K, used 25162K [0x0000000702600000, 0x0000000800000000)
  region size 2048K, 3 young (6144K), 3 survivors (6144K)
 Metaspace       used 34424K, committed 34816K, reserved 1114112K
  class space    used 4592K, committed 4800K, reserved 1048576K
}
Event: 4.566 GC heap before
{Heap before GC invocations=10 (full 0):
 garbage-first heap   total 90112K, used 72266K [0x0000000702600000, 0x0000000800000000)
  region size 2048K, 26 young (53248K), 3 survivors (6144K)
 Metaspace       used 46972K, committed 47424K, reserved 1114112K
  class space    used 6344K, committed 6592K, reserved 1048576K
}
Event: 4.580 GC heap after
{Heap after GC invocations=11 (full 0):
 garbage-first heap   total 90112K, used 28608K [0x0000000702600000, 0x0000000800000000)
  region size 2048K, 3 young (6144K), 3 survivors (6144K)
 Metaspace       used 46972K, committed 47424K, reserved 1114112K
  class space    used 6344K, committed 6592K, reserved 1048576K
}
Event: 5.416 GC heap before
{Heap before GC invocations=11 (full 0):
 garbage-first heap   total 90112K, used 73664K [0x0000000702600000, 0x0000000800000000)
  region size 2048K, 26 young (53248K), 3 survivors (6144K)
 Metaspace       used 54556K, committed 55040K, reserved 1114112K
  class space    used 7507K, committed 7744K, reserved 1048576K
}
Event: 5.428 GC heap after
{Heap after GC invocations=12 (full 0):
 garbage-first heap   total 90112K, used 31308K [0x0000000702600000, 0x0000000800000000)
  region size 2048K, 3 young (6144K), 3 survivors (6144K)
 Metaspace       used 54556K, committed 55040K, reserved 1114112K
  class space    used 7507K, committed 7744K, reserved 1048576K
}
Event: 9.888 GC heap before
{Heap before GC invocations=12 (full 0):
 garbage-first heap   total 90112K, used 76364K [0x0000000702600000, 0x0000000800000000)
  region size 2048K, 25 young (51200K), 3 survivors (6144K)
 Metaspace       used 57564K, committed 58112K, reserved 1114112K
  class space    used 7915K, committed 8128K, reserved 1048576K
}
Event: 9.903 GC heap after
{Heap after GC invocations=13 (full 0):
 garbage-first heap   total 108544K, used 33873K [0x0000000702600000, 0x0000000800000000)
  region size 2048K, 3 young (6144K), 3 survivors (6144K)
 Metaspace       used 57564K, committed 58112K, reserved 1114112K
  class space    used 7915K, committed 8128K, reserved 1048576K
}
Event: 9.911 GC heap before
{Heap before GC invocations=13 (full 0):
 garbage-first heap   total 108544K, used 33873K [0x0000000702600000, 0x0000000800000000)
  region size 2048K, 4 young (8192K), 3 survivors (6144K)
 Metaspace       used 57695K, committed 58176K, reserved 1114112K
  class space    used 7921K, committed 8128K, reserved 1048576K
}
Event: 9.919 GC heap after
{Heap after GC invocations=14 (full 0):
 garbage-first heap   total 108544K, used 34563K [0x0000000702600000, 0x0000000800000000)
  region size 2048K, 2 young (4096K), 2 survivors (4096K)
 Metaspace       used 57695K, committed 58176K, reserved 1114112K
  class space    used 7921K, committed 8128K, reserved 1048576K
}

